<?xml version="1.0" encoding="UTF-8"?>
<!-- Generated by org.testng.reporters.JUnitReportReporter -->
<testsuite hostname="LAPTOP-TP7EK7TR" name="com.test.au.TestUIflow" tests="3" failures="0" timestamp="3 Sep 2019 11:29:05 GMT" time="126.696" errors="0">
  <testcase name="testUIAutomationFlow" time="37.792" classname="com.test.au.TestUIflow"/>
  <testcase name="testUIAutomationFlow" time="29.490" classname="com.test.au.TestUIflow"/>
  <testcase name="testUIAutomationFlow" time="59.414" classname="com.test.au.TestUIflow"/>
</testsuite> <!-- com.test.au.TestUIflow -->
