<?xml version="1.0" encoding="UTF-8"?>
<!-- Generated by org.testng.reporters.JUnitReportReporter -->
<testsuite hostname="LAPTOP-TP7EK7TR" name="com.test.au.APITest" tests="2" failures="0" timestamp="3 Sep 2019 11:31:34 GMT" time="10.069" errors="0">
  <testcase name="testGET_Postcode_for_latlon" time="8.476" classname="com.test.au.APITest"/>
  <testcase name="testGET_weather_for_postcode" time="1.593" classname="com.test.au.APITest"/>
</testsuite> <!-- com.test.au.APITest -->
